Using pre-set license
Desktop is 1920 x 1080 @ 60 Hz

 COMMAND LINE ARGUMENTS:
Unity
-adb2
-batchMode
-noUpm
-name
AssetImportWorker0
-projectPath
/home/carlos/code/personal/computerGraphics/projects/CI4321_COMPUTACION_GRAFICA_I/project-3/Mario en Perú
-logFile
Logs/AssetImportWorker0.log
-srvPort
43839
Successfully changed project path to: /home/carlos/code/personal/computerGraphics/projects/CI4321_COMPUTACION_GRAFICA_I/project-3/Mario en Perú
/home/carlos/code/personal/computerGraphics/projects/CI4321_COMPUTACION_GRAFICA_I/project-3/Mario en Perú
Using Asset Import Pipeline V2.
Refreshing native plugins compatible for Editor in 61.55 ms, found 1 plugins.
Preloading 0 native plugins for Editor in 0.00 ms.
Initialize engine version: 2020.3.3f1 (76626098c1c4)
[Subsystems] Discovering subsystems at path /home/carlos/code/personal/unity/2020.3.3f1/Editor/Data/Resources/UnitySubsystems
[Subsystems] Discovering subsystems at path /home/carlos/code/personal/computerGraphics/projects/CI4321_COMPUTACION_GRAFICA_I/project-3/Mario en Perú/Assets
GLX Extensions: GLX_ARB_create_context GLX_ARB_create_context_no_error GLX_ARB_create_context_profile GLX_ARB_create_context_robustness GLX_ARB_fbconfig_float GLX_ARB_framebuffer_sRGB GLX_ARB_get_proc_address GLX_ARB_multisample GLX_EXT_buffer_age GLX_EXT_create_context_es2_profile GLX_EXT_create_context_es_profile GLX_EXT_fbconfig_packed_float GLX_EXT_framebuffer_sRGB GLX_EXT_import_context GLX_EXT_swap_control GLX_EXT_swap_control_tear GLX_EXT_texture_from_pixmap GLX_EXT_visual_info GLX_EXT_visual_rating GLX_INTEL_swap_event GLX_MESA_copy_sub_buffer GLX_MESA_query_renderer GLX_MESA_swap_control GLX_OML_swap_method GLX_OML_sync_control GLX_SGIS_multisample GLX_SGIX_fbconfig GLX_SGIX_pbuffer GLX_SGIX_visual_select_group GLX_SGI_make_current_read GLX_SGI_swap_control GLX_SGI_video_sync 
Renderer: AMD RENOIR (DRM 3.40.0, 5.11.13-arch1-1, LLVM 11.1.0)
Vendor:   AMD
Version:  4.6 (Core Profile) Mesa 21.0.2
GLES:     0
 GL_AMD_conservative_depth GL_AMD_depth_clamp_separate GL_AMD_draw_buffers_blend GL_AMD_framebuffer_multisample_advanced GL_AMD_gpu_shader_int64 GL_AMD_multi_draw_indirect GL_AMD_performance_monitor GL_AMD_pinned_memory GL_AMD_query_buffer_object GL_AMD_seamless_cubemap_per_texture GL_AMD_shader_stencil_export GL_AMD_shader_trinary_minmax GL_AMD_texture_texture4 GL_AMD_vertex_shader_layer GL_AMD_vertex_shader_viewport_index GL_ANGLE_texture_compression_dxt3 GL_ANGLE_texture_compression_dxt5 GL_ARB_ES2_compatibility GL_ARB_ES3_1_compatibility GL_ARB_ES3_2_compatibility GL_ARB_ES3_compatibility GL_ARB_arrays_of_arrays GL_ARB_base_instance GL_ARB_bindless_texture GL_ARB_blend_func_extended GL_ARB_buffer_storage GL_ARB_clear_buffer_object GL_ARB_clear_texture GL_ARB_clip_control GL_ARB_color_buffer_float GL_ARB_compressed_texture_pixel_storage GL_ARB_compute_shader GL_ARB_compute_variable_group_size GL_ARB_conditional_render_inverted GL_ARB_conservative_depth GL_ARB_copy_buffer GL_ARB_copy_image GL_ARB_cull_dist
ance GL_ARB_debug_output GL_ARB_depth_buffer_float GL_ARB_depth_clamp GL_ARB_derivative_control GL_ARB_direct_state_access GL_ARB_draw_buffers GL_ARB_draw_buffers_blend GL_ARB_draw_elements_base_vertex GL_ARB_draw_indirect GL_ARB_draw_instanced GL_ARB_enhanced_layouts GL_ARB_explicit_attrib_location GL_ARB_explicit_uniform_location GL_ARB_fragment_coord_conventions GL_ARB_fragment_layer_viewport GL_ARB_fragment_shader GL_ARB_framebuffer_no_attachments GL_ARB_framebuffer_object GL_ARB_framebuffer_sRGB GL_ARB_get_program_binary GL_ARB_get_texture_sub_image GL_ARB_gl_spirv GL_ARB_gpu_shader5 GL_ARB_gpu_shader_fp64 GL_ARB_gpu_shader_int64 GL_ARB_half_float_pixel GL_ARB_half_float_vertex GL_ARB_indirect_parameters GL_ARB_instanced_arrays GL_ARB_internalformat_query GL_ARB_internalformat_query2 GL_ARB_invalidate_subdata GL_ARB_map_buffer_alignment GL_ARB_map_buffer_range GL_ARB_multi_bind GL_ARB_multi_draw_indirect GL_ARB_occlusion_query2 GL_ARB_parallel_shader_compile GL_ARB_pipeline_statistics_query GL_ARB_pixel
_buffer_object GL_ARB_point_sprite GL_ARB_polygon_offset_clamp GL_ARB_program_interface_query GL_ARB_provoking_vertex GL_ARB_query_buffer_object GL_ARB_robust_buffer_access_behavior GL_ARB_robustness GL_ARB_sample_shading GL_ARB_sampler_objects GL_ARB_seamless_cube_map GL_ARB_seamless_cubemap_per_texture GL_ARB_separate_shader_objects GL_ARB_shader_atomic_counter_ops GL_ARB_shader_atomic_counters GL_ARB_shader_ballot GL_ARB_shader_bit_encoding GL_ARB_shader_clock GL_ARB_shader_draw_parameters GL_ARB_shader_group_vote GL_ARB_shader_image_load_store GL_ARB_shader_image_size GL_ARB_shader_objects GL_ARB_shader_precision GL_ARB_shader_stencil_export GL_ARB_shader_storage_buffer_object GL_ARB_shader_subroutine GL_ARB_shader_texture_image_samples GL_ARB_shader_texture_lod GL_ARB_shader_viewport_layer_array GL_ARB_shading_language_420pack GL_ARB_shading_language_include GL_ARB_shading_language_packing GL_ARB_sparse_buffer GL_ARB_spirv_extensions GL_ARB_stencil_texturing GL_ARB_sync GL_ARB_tessellation_shader GL_ARB
_texture_barrier GL_ARB_texture_buffer_object GL_ARB_texture_buffer_object_rgb32 GL_ARB_texture_buffer_range GL_ARB_texture_compression_bptc GL_ARB_texture_compression_rgtc GL_ARB_texture_cube_map_array GL_ARB_texture_filter_anisotropic GL_ARB_texture_float GL_ARB_texture_gather GL_ARB_texture_mirror_clamp_to_edge GL_ARB_texture_multisample GL_ARB_texture_non_power_of_two GL_ARB_texture_query_levels GL_ARB_texture_query_lod GL_ARB_texture_rectangle GL_ARB_texture_rg GL_ARB_texture_rgb10_a2ui GL_ARB_texture_stencil8 GL_ARB_texture_storage GL_ARB_texture_storage_multisample GL_ARB_texture_swizzle GL_ARB_texture_view GL_ARB_timer_query GL_ARB_transform_feedback2 GL_ARB_transform_feedback3 GL_ARB_transform_feedback_instanced GL_ARB_transform_feedback_overflow_query GL_ARB_uniform_buffer_object GL_ARB_vertex_array_bgra GL_ARB_vertex_array_object GL_ARB_vertex_attrib_64bit GL_ARB_vertex_attrib_binding GL_ARB_vertex_buffer_object GL_ARB_vertex_shader GL_ARB_vertex_type_10f_11f_11f_rev GL_ARB_vertex_type_2_10_10_10_
rev GL_ARB_viewport_array GL_ATI_blend_equation_separate GL_ATI_meminfo GL_ATI_texture_float GL_ATI_texture_mirror_once GL_EXT_EGL_image_storage GL_EXT_EGL_sync GL_EXT_abgr GL_EXT_blend_equation_separate GL_EXT_demote_to_helper_invocation GL_EXT_depth_bounds_test GL_EXT_draw_buffers2 GL_EXT_draw_instanced GL_EXT_framebuffer_blit GL_EXT_framebuffer_multisample GL_EXT_framebuffer_multisample_blit_scaled GL_EXT_framebuffer_object GL_EXT_framebuffer_sRGB GL_EXT_memory_object GL_EXT_memory_object_fd GL_EXT_packed_depth_stencil GL_EXT_packed_float GL_EXT_pixel_buffer_object GL_EXT_polygon_offset_clamp GL_EXT_provoking_vertex GL_EXT_semaphore GL_EXT_semaphore_fd GL_EXT_shader_image_load_formatted GL_EXT_shader_image_load_store GL_EXT_shader_integer_mix GL_EXT_shader_samples_identical GL_EXT_texture_array GL_EXT_texture_compression_dxt1 GL_EXT_texture_compression_rgtc GL_EXT_texture_compression_s3tc GL_EXT_texture_filter_anisotropic GL_EXT_texture_integer GL_EXT_texture_mirror_clamp GL_EXT_texture_sRGB GL_EXT_textur
e_sRGB_R8 GL_EXT_texture_sRGB_decode GL_EXT_texture_shadow_lod GL_EXT_texture_shared_exponent GL_EXT_texture_snorm GL_EXT_texture_swizzle GL_EXT_timer_query GL_EXT_transform_feedback GL_EXT_vertex_array_bgra GL_EXT_vertex_attrib_64bit GL_EXT_window_rectangles GL_IBM_multimode_draw_arrays GL_INTEL_blackhole_render GL_KHR_blend_equation_advanced GL_KHR_context_flush_control GL_KHR_debug GL_KHR_no_error GL_KHR_parallel_shader_compile GL_KHR_robust_buffer_access_behavior GL_KHR_robustness GL_KHR_texture_compression_astc_ldr GL_KHR_texture_compression_astc_sliced_3d GL_MESA_framebuffer_flip_y GL_MESA_pack_invert GL_MESA_shader_integer_functions GL_MESA_texture_signed_rgba GL_NVX_gpu_memory_info GL_NV_alpha_to_coverage_dither_control GL_NV_compute_shader_derivatives GL_NV_conditional_render GL_NV_copy_image GL_NV_depth_clamp GL_NV_packed_depth_stencil GL_NV_shader_atomic_int64 GL_NV_texture_barrier GL_NV_vdpau_interop GL_OES_EGL_image GL_S3_s3tc
OPENGL LOG: Creating OpenGL 4.6 graphics device ; Context level  <OpenGL 4.5> ; Context handle 1700312720
Initialize mono
Mono path[0] = '/home/carlos/code/personal/unity/2020.3.3f1/Editor/Data/Managed'
Mono path[1] = '/home/carlos/code/personal/unity/2020.3.3f1/Editor/Data/MonoBleedingEdge/lib/mono/unityjit'
Mono config path = '/home/carlos/code/personal/unity/2020.3.3f1/Editor/Data/MonoBleedingEdge/etc'
Using monoOptions --debugger-agent=transport=dt_socket,embedding=1,server=y,suspend=n,address=127.0.0.1:56687
Begin MonoManager ReloadAssembly
Registering precompiled unity dll's ...
Register platform support module: /home/carlos/code/personal/unity/2020.3.3f1/Editor/Data/PlaybackEngines/LinuxStandaloneSupport/UnityEditor.LinuxStandalone.Extensions.dll
Registered in 0.001229 seconds.
Native extension for LinuxStandalone target not found
Refreshing native plugins compatible for Editor in 35.47 ms, found 1 plugins.
Preloading 0 native plugins for Editor in 0.00 ms.
Invoked RoslynAnalysisRunner static constructor.
RoslynAnalysisRunner will not be running.
RoslynAnalysisRunner has terminated.
Mono: successfully reloaded assembly
- Completed reload, in  0.816 seconds
Platform modules already initialized, skipping
Registering precompiled user dll's ...
Registered in 0.000767 seconds.
Begin MonoManager ReloadAssembly
Native extension for LinuxStandalone target not found
Refreshing native plugins compatible for Editor in 34.58 ms, found 1 plugins.
Preloading 0 native plugins for Editor in 0.00 ms.
Invoked RoslynAnalysisRunner static constructor.
RoslynAnalysisRunner will not be running.
RoslynAnalysisRunner has terminated.
Mono: successfully reloaded assembly
- Completed reload, in  0.883 seconds
Platform modules already initialized, skipping
========================================================================
Worker process is ready to serve import requests
Launched and connected shader compiler UnityShaderCompiler after 0.01 seconds
Refreshing native plugins compatible for Editor in 0.38 ms, found 1 plugins.
Preloading 0 native plugins for Editor in 0.00 ms.
Unloading 1816 Unused Serialized files (Serialized files now loaded: 0)
System memory in use before: 80.0 MB.
System memory in use after: 80.0 MB.

Unloading 24 unused Assets to reduce memory usage. Loaded Objects now: 2258.
Total: 3.722589 ms (FindLiveObjects: 0.268011 ms CreateObjectMapping: 0.211055 ms MarkObjects: 3.050472 ms  DeleteObjects: 0.191348 ms)

========================================================================
Received Import Request.
  path: Assets/Sivira/spritematerial.mat
  artifactKey: Guid(e2615a3042cc21f1e92bec32511e6cce) Importer(815301076,1909f56bfc062723c751e8b465ee728b)
Start importing Assets/Sivira/spritematerial.mat using Guid(e2615a3042cc21f1e92bec32511e6cce) Importer(815301076,1909f56bfc062723c751e8b465ee728b)  -> (artifact id: 'c4811f2cf3c9a03d70bc502ceebd2a45') in 0.093152 seconds
  Import took 0.096824 seconds .

========================================================================
Received Import Request.
  Time since last request: 17.453357 seconds.
  path: Assets/Sivira/Shaders/Test.shader
  artifactKey: Guid(b69142ce7a65158d1800889a66925f26) Importer(815301076,1909f56bfc062723c751e8b465ee728b)
Start importing Assets/Sivira/Shaders/Test.shader using Guid(b69142ce7a65158d1800889a66925f26) Importer(815301076,1909f56bfc062723c751e8b465ee728b)  -> (artifact id: 'c425ce92f51d50b93a293fcba409a76b') in 0.001918 seconds
  Import took 0.004918 seconds .

========================================================================
Received Import Request.
  Time since last request: 0.001858 seconds.
  path: Assets/Sivira/Shaders/Test.shader
  artifactKey: Guid(b69142ce7a65158d1800889a66925f26) Importer(815301076,1909f56bfc062723c751e8b465ee728b)
Start importing Assets/Sivira/Shaders/Test.shader using Guid(b69142ce7a65158d1800889a66925f26) Importer(815301076,1909f56bfc062723c751e8b465ee728b)  -> (artifact id: 'c425ce92f51d50b93a293fcba409a76b') in 0.001899 seconds
  Import took 0.005447 seconds .

========================================================================
Received Import Request.
  Time since last request: 14.045692 seconds.
  path: Assets/Sivira/Materials
  artifactKey: Guid(ea757cfc62fb5854581d694072c4759a) Importer(815301076,1909f56bfc062723c751e8b465ee728b)
Start importing Assets/Sivira/Materials using Guid(ea757cfc62fb5854581d694072c4759a) Importer(815301076,1909f56bfc062723c751e8b465ee728b)  -> (artifact id: '8b8e3820ff170f47bab75862231858e1') in 0.001017 seconds
  Import took 0.004625 seconds .

========================================================================
Received Import Request.
  Time since last request: 9.095446 seconds.
  path: Assets/Sivira/Materials/Custom.mat
  artifactKey: Guid(ae1a5e30d258d0c8398b5171fa293011) Importer(815301076,1909f56bfc062723c751e8b465ee728b)
Start importing Assets/Sivira/Materials/Custom.mat using Guid(ae1a5e30d258d0c8398b5171fa293011) Importer(815301076,1909f56bfc062723c751e8b465ee728b)  -> (artifact id: '5b1a2ec834b120c2b74f3d62f8f8a514') in 0.013263 seconds
  Import took 0.018435 seconds .

========================================================================
Received Import Request.
  Time since last request: 0.003937 seconds.
  path: Assets/Sivira/Materials/Custom.mat
  artifactKey: Guid(ae1a5e30d258d0c8398b5171fa293011) Importer(815301076,1909f56bfc062723c751e8b465ee728b)
Start importing Assets/Sivira/Materials/Custom.mat using Guid(ae1a5e30d258d0c8398b5171fa293011) Importer(815301076,1909f56bfc062723c751e8b465ee728b)  -> (artifact id: '5b1a2ec834b120c2b74f3d62f8f8a514') in 0.009979 seconds
  Import took 0.015364 seconds .

========================================================================
Received Import Request.
  Time since last request: 168.281443 seconds.
  path: Assets/Sivira/Shaders/Sprites-Diffuse.shader
  artifactKey: Guid(e551f17f9ecaed5e0aa141b7fda49e93) Importer(815301076,1909f56bfc062723c751e8b465ee728b)
Start importing Assets/Sivira/Shaders/Sprites-Diffuse.shader using Guid(e551f17f9ecaed5e0aa141b7fda49e93) Importer(815301076,1909f56bfc062723c751e8b465ee728b)  -> (artifact id: '3d65ac1b08ecc2463eff23dc7a3a2f9f') in 0.004165 seconds
  Import took 0.009539 seconds .

========================================================================
Received Import Request.
  Time since last request: 0.001296 seconds.
  path: Assets/Sivira/Shaders/Sprites-Diffuse.shader
  artifactKey: Guid(e551f17f9ecaed5e0aa141b7fda49e93) Importer(815301076,1909f56bfc062723c751e8b465ee728b)
Start importing Assets/Sivira/Shaders/Sprites-Diffuse.shader using Guid(e551f17f9ecaed5e0aa141b7fda49e93) Importer(815301076,1909f56bfc062723c751e8b465ee728b)  -> (artifact id: '3d65ac1b08ecc2463eff23dc7a3a2f9f') in 0.003269 seconds
  Import took 0.008376 seconds .

========================================================================
Received Import Request.
  Time since last request: 45.314737 seconds.
  path: Assets/Sivira/Shaders/stest.shader
  artifactKey: Guid(e551f17f9ecaed5e0aa141b7fda49e93) Importer(815301076,1909f56bfc062723c751e8b465ee728b)
Start importing Assets/Sivira/Shaders/stest.shader using Guid(e551f17f9ecaed5e0aa141b7fda49e93) Importer(815301076,1909f56bfc062723c751e8b465ee728b)  -> (artifact id: '5ded257b2e955f2a94d04a2842d68f4f') in 0.002011 seconds
  Import took 0.006595 seconds .

========================================================================
Received Import Request.
  Time since last request: 79.345337 seconds.
  path: Assets/Sivira/Shaders/NewShaderVariants.shadervariants
  artifactKey: Guid(3731329bf004b882fab3c514a010c208) Importer(815301076,1909f56bfc062723c751e8b465ee728b)
Start importing Assets/Sivira/Shaders/NewShaderVariants.shadervariants using Guid(3731329bf004b882fab3c514a010c208) Importer(815301076,1909f56bfc062723c751e8b465ee728b)  -> (artifact id: 'b1742ead32d06abfa5c93fe8efbc5d73') in 0.003163 seconds
  Import took 0.009283 seconds .

========================================================================
Received Import Request.
  Time since last request: 0.008744 seconds.
  path: Assets/Sivira/Shaders/NewShaderVariants.shadervariants
  artifactKey: Guid(3731329bf004b882fab3c514a010c208) Importer(815301076,1909f56bfc062723c751e8b465ee728b)
Start importing Assets/Sivira/Shaders/NewShaderVariants.shadervariants using Guid(3731329bf004b882fab3c514a010c208) Importer(815301076,1909f56bfc062723c751e8b465ee728b)  -> (artifact id: 'b1742ead32d06abfa5c93fe8efbc5d73') in 0.002129 seconds
  Import took 0.005496 seconds .

========================================================================
Received Import Request.
  Time since last request: 358.357509 seconds.
  path: Assets/Sivira/Shaders/surface.shader
  artifactKey: Guid(9f2c8a3cca0ce694c938e7644a9fac18) Importer(815301076,1909f56bfc062723c751e8b465ee728b)
Start importing Assets/Sivira/Shaders/surface.shader using Guid(9f2c8a3cca0ce694c938e7644a9fac18) Importer(815301076,1909f56bfc062723c751e8b465ee728b)  -> (artifact id: 'c6ddd856e374be158a2bf48fb5ee4696') in 0.005134 seconds
  Import took 0.010189 seconds .

========================================================================
Received Import Request.
  Time since last request: 0.001932 seconds.
  path: Assets/Sivira/Shaders/surface.shader
  artifactKey: Guid(9f2c8a3cca0ce694c938e7644a9fac18) Importer(815301076,1909f56bfc062723c751e8b465ee728b)
Start importing Assets/Sivira/Shaders/surface.shader using Guid(9f2c8a3cca0ce694c938e7644a9fac18) Importer(815301076,1909f56bfc062723c751e8b465ee728b)  -> (artifact id: 'c6ddd856e374be158a2bf48fb5ee4696') in 0.003502 seconds
  Import took 0.007995 seconds .

========================================================================
Received Import Request.
  Time since last request: 38.704676 seconds.
  path: Assets/Sivira/Shaders/kk.shader
  artifactKey: Guid(9f2c8a3cca0ce694c938e7644a9fac18) Importer(815301076,1909f56bfc062723c751e8b465ee728b)
Start importing Assets/Sivira/Shaders/kk.shader using Guid(9f2c8a3cca0ce694c938e7644a9fac18) Importer(815301076,1909f56bfc062723c751e8b465ee728b)  -> (artifact id: '976e6a7645eb6cc728bb9e429db8cc4e') in 0.003230 seconds
  Import took 0.007569 seconds .

========================================================================
Received Prepare
Registering precompiled user dll's ...
Registered in 0.000864 seconds.
Begin MonoManager ReloadAssembly
Native extension for LinuxStandalone target not found
Refreshing native plugins compatible for Editor in 0.36 ms, found 1 plugins.
Preloading 0 native plugins for Editor in 0.00 ms.
Invoked RoslynAnalysisRunner static constructor.
RoslynAnalysisRunner will not be running.
RoslynAnalysisRunner has terminated.
Mono: successfully reloaded assembly
- Completed reload, in  0.815 seconds
Platform modules already initialized, skipping
Refreshing native plugins compatible for Editor in 0.33 ms, found 1 plugins.
Preloading 0 native plugins for Editor in 0.00 ms.
Unloading 1814 Unused Serialized files (Serialized files now loaded: 0)
System memory in use before: 82.8 MB.
System memory in use after: 82.1 MB.

Unloading 16 unused Assets to reduce memory usage. Loaded Objects now: 2303.
Total: 3.446132 ms (FindLiveObjects: 0.202469 ms CreateObjectMapping: 0.039293 ms MarkObjects: 2.776200 ms  DeleteObjects: 0.425967 ms)

========================================================================
Received Import Request.
  Time since last request: 149.154053 seconds.
  path: Assets/Sivira/Shaders/stest.shader
  artifactKey: Guid(e551f17f9ecaed5e0aa141b7fda49e93) Importer(815301076,1909f56bfc062723c751e8b465ee728b)
Start importing Assets/Sivira/Shaders/stest.shader using Guid(e551f17f9ecaed5e0aa141b7fda49e93) Importer(815301076,1909f56bfc062723c751e8b465ee728b)  -> (artifact id: 'da1fb28856c0b44a8aeb472261b927f6') in 0.013213 seconds
  Import took 0.017950 seconds .

========================================================================
Received Import Request.
  Time since last request: 11.307905 seconds.
  path: Assets/Sivira/Shaders/Test.shader
  artifactKey: Guid(e551f17f9ecaed5e0aa141b7fda49e93) Importer(815301076,1909f56bfc062723c751e8b465ee728b)
Start importing Assets/Sivira/Shaders/Test.shader using Guid(e551f17f9ecaed5e0aa141b7fda49e93) Importer(815301076,1909f56bfc062723c751e8b465ee728b)  -> (artifact id: '1a58f073f6e94fc0001c259deaf69360') in 0.003653 seconds
  Import took 0.010019 seconds .

========================================================================
Received Import Request.
  Time since last request: 0.001051 seconds.
  path: Assets/Sivira/Shaders/Test.shader
  artifactKey: Guid(e551f17f9ecaed5e0aa141b7fda49e93) Importer(815301076,1909f56bfc062723c751e8b465ee728b)
Start importing Assets/Sivira/Shaders/Test.shader using Guid(e551f17f9ecaed5e0aa141b7fda49e93) Importer(815301076,1909f56bfc062723c751e8b465ee728b)  -> (artifact id: '1a58f073f6e94fc0001c259deaf69360') in 0.003592 seconds
  Import took 0.009447 seconds .

========================================================================
Received Prepare
Registering precompiled user dll's ...
Registered in 0.000994 seconds.
Begin MonoManager ReloadAssembly
Native extension for LinuxStandalone target not found
Refreshing native plugins compatible for Editor in 0.39 ms, found 1 plugins.
Preloading 0 native plugins for Editor in 0.00 ms.
Invoked RoslynAnalysisRunner static constructor.
RoslynAnalysisRunner will not be running.
RoslynAnalysisRunner has terminated.
Mono: successfully reloaded assembly
- Completed reload, in  0.851 seconds
Platform modules already initialized, skipping
Refreshing native plugins compatible for Editor in 0.38 ms, found 1 plugins.
Preloading 0 native plugins for Editor in 0.00 ms.
Unloading 1813 Unused Serialized files (Serialized files now loaded: 0)
System memory in use before: 82.3 MB.
System memory in use after: 82.0 MB.

Unloading 15 unused Assets to reduce memory usage. Loaded Objects now: 2307.
Total: 3.118028 ms (FindLiveObjects: 0.225451 ms CreateObjectMapping: 0.080591 ms MarkObjects: 2.605100 ms  DeleteObjects: 0.204121 ms)

========================================================================
Received Prepare
Registering precompiled user dll's ...
Registered in 0.001163 seconds.
Begin MonoManager ReloadAssembly
Native extension for LinuxStandalone target not found
Refreshing native plugins compatible for Editor in 0.38 ms, found 1 plugins.
Preloading 0 native plugins for Editor in 0.00 ms.
Invoked RoslynAnalysisRunner static constructor.
RoslynAnalysisRunner will not be running.
RoslynAnalysisRunner has terminated.
Mono: successfully reloaded assembly
- Completed reload, in  0.891 seconds
Platform modules already initialized, skipping
Refreshing native plugins compatible for Editor in 0.37 ms, found 1 plugins.
Preloading 0 native plugins for Editor in 0.00 ms.
Unloading 1814 Unused Serialized files (Serialized files now loaded: 0)
System memory in use before: 82.6 MB.
System memory in use after: 82.2 MB.

Unloading 15 unused Assets to reduce memory usage. Loaded Objects now: 2311.
Total: 3.890042 ms (FindLiveObjects: 0.395249 ms CreateObjectMapping: 0.417551 ms MarkObjects: 2.837334 ms  DeleteObjects: 0.237383 ms)

========================================================================
Received Import Request.
  Time since last request: 1542.292511 seconds.
  path: Assets/Sivira/Shaders/stest.shader
  artifactKey: Guid(4aa23ceb6595594279aa4d322ec91896) Importer(815301076,1909f56bfc062723c751e8b465ee728b)
Start importing Assets/Sivira/Shaders/stest.shader using Guid(4aa23ceb6595594279aa4d322ec91896) Importer(815301076,1909f56bfc062723c751e8b465ee728b)  -> (artifact id: 'f18fd91ecf722f1ef5f2ece14f1541d6') in 0.015466 seconds
  Import took 0.020499 seconds .

========================================================================
Received Import Request.
  Time since last request: 0.001028 seconds.
  path: Assets/Sivira/Shaders/stest.shader
  artifactKey: Guid(4aa23ceb6595594279aa4d322ec91896) Importer(815301076,1909f56bfc062723c751e8b465ee728b)
Start importing Assets/Sivira/Shaders/stest.shader using Guid(4aa23ceb6595594279aa4d322ec91896) Importer(815301076,1909f56bfc062723c751e8b465ee728b)  -> (artifact id: 'f18fd91ecf722f1ef5f2ece14f1541d6') in 0.002235 seconds
  Import took 0.006278 seconds .

========================================================================
Received Import Request.
  Time since last request: 17.853917 seconds.
  path: Assets/Sivira/Shaders/Test.shader
  artifactKey: Guid(e551f17f9ecaed5e0aa141b7fda49e93) Importer(815301076,1909f56bfc062723c751e8b465ee728b)
Start importing Assets/Sivira/Shaders/Test.shader using Guid(e551f17f9ecaed5e0aa141b7fda49e93) Importer(815301076,1909f56bfc062723c751e8b465ee728b)  -> (artifact id: '5645bf023cfdc4980329bae4e4a71890') in 0.001499 seconds
  Import took 0.004800 seconds .

========================================================================
Received Import Request.
  Time since last request: 0.000880 seconds.
  path: Assets/Sivira/Shaders/Test.shader
  artifactKey: Guid(e551f17f9ecaed5e0aa141b7fda49e93) Importer(815301076,1909f56bfc062723c751e8b465ee728b)
Start importing Assets/Sivira/Shaders/Test.shader using Guid(e551f17f9ecaed5e0aa141b7fda49e93) Importer(815301076,1909f56bfc062723c751e8b465ee728b)  -> (artifact id: '5645bf023cfdc4980329bae4e4a71890') in 0.001612 seconds
  Import took 0.004595 seconds .

========================================================================
Received Import Request.
  Time since last request: 14.377282 seconds.
  path: Assets/Sivira/Shaders/SolidColor.shader
  artifactKey: Guid(e551f17f9ecaed5e0aa141b7fda49e93) Importer(815301076,1909f56bfc062723c751e8b465ee728b)
Start importing Assets/Sivira/Shaders/SolidColor.shader using Guid(e551f17f9ecaed5e0aa141b7fda49e93) Importer(815301076,1909f56bfc062723c751e8b465ee728b)  -> (artifact id: '53f70c0170b3b5707a8de68d8e2550f0') in 0.002827 seconds
  Import took 0.008100 seconds .

========================================================================
Received Prepare
Registering precompiled user dll's ...
Registered in 0.000734 seconds.
Begin MonoManager ReloadAssembly
Native extension for LinuxStandalone target not found
Refreshing native plugins compatible for Editor in 0.35 ms, found 1 plugins.
Preloading 0 native plugins for Editor in 0.00 ms.
Invoked RoslynAnalysisRunner static constructor.
RoslynAnalysisRunner will not be running.
RoslynAnalysisRunner has terminated.
Mono: successfully reloaded assembly
- Completed reload, in  0.847 seconds
Platform modules already initialized, skipping
Refreshing native plugins compatible for Editor in 0.38 ms, found 1 plugins.
Preloading 0 native plugins for Editor in 0.00 ms.
Unloading 1813 Unused Serialized files (Serialized files now loaded: 0)
System memory in use before: 82.1 MB.
System memory in use after: 82.1 MB.

Unloading 15 unused Assets to reduce memory usage. Loaded Objects now: 2315.
Total: 3.407881 ms (FindLiveObjects: 0.190126 ms CreateObjectMapping: 0.038181 ms MarkObjects: 3.018022 ms  DeleteObjects: 0.159469 ms)

========================================================================
Received Import Request.
  Time since last request: 75.166212 seconds.
  path: Assets/Sivira/Shaders/Test.shader
  artifactKey: Guid(df2032c5f41dc5a09862367611d1f018) Importer(815301076,1909f56bfc062723c751e8b465ee728b)
Start importing Assets/Sivira/Shaders/Test.shader using Guid(df2032c5f41dc5a09862367611d1f018) Importer(815301076,1909f56bfc062723c751e8b465ee728b)  -> (artifact id: 'e6ee4c8730cfb6fde0876dc7bae64c9b') in 0.013920 seconds
  Import took 0.018416 seconds .

========================================================================
Received Import Request.
  Time since last request: 0.001194 seconds.
  path: Assets/Sivira/Shaders/Test.shader
  artifactKey: Guid(df2032c5f41dc5a09862367611d1f018) Importer(815301076,1909f56bfc062723c751e8b465ee728b)
Start importing Assets/Sivira/Shaders/Test.shader using Guid(df2032c5f41dc5a09862367611d1f018) Importer(815301076,1909f56bfc062723c751e8b465ee728b)  -> (artifact id: 'e6ee4c8730cfb6fde0876dc7bae64c9b') in 0.001530 seconds
  Import took 0.004865 seconds .

========================================================================
Received Import Request.
  Time since last request: 102.937939 seconds.
  path: Assets/Sivira/Shaders/Test.shader
  artifactKey: Guid(df2032c5f41dc5a09862367611d1f018) Importer(815301076,1909f56bfc062723c751e8b465ee728b)
Start importing Assets/Sivira/Shaders/Test.shader using Guid(df2032c5f41dc5a09862367611d1f018) Importer(815301076,1909f56bfc062723c751e8b465ee728b)  -> (artifact id: '64054c779ad9727b1c2def812090a8f6') in 0.003106 seconds
  Import took 0.007416 seconds .

========================================================================
Received Import Request.
  Time since last request: 0.002319 seconds.
  path: Assets/Sivira/Shaders/Test.shader
  artifactKey: Guid(df2032c5f41dc5a09862367611d1f018) Importer(815301076,1909f56bfc062723c751e8b465ee728b)
Start importing Assets/Sivira/Shaders/Test.shader using Guid(df2032c5f41dc5a09862367611d1f018) Importer(815301076,1909f56bfc062723c751e8b465ee728b)  -> (artifact id: '64054c779ad9727b1c2def812090a8f6') in 0.002204 seconds
  Import took 0.006472 seconds .

========================================================================
Received Import Request.
  Time since last request: 0.403631 seconds.
  path: Assets/Sivira/Shaders/SolidColor.shader
  artifactKey: Guid(e551f17f9ecaed5e0aa141b7fda49e93) Importer(815301076,1909f56bfc062723c751e8b465ee728b)
Start importing Assets/Sivira/Shaders/SolidColor.shader using Guid(e551f17f9ecaed5e0aa141b7fda49e93) Importer(815301076,1909f56bfc062723c751e8b465ee728b)  -> (artifact id: 'e9c1968395d88f01abadfcde88c2965d') in 0.002413 seconds
  Import took 0.008112 seconds .

========================================================================
Received Import Request.
  Time since last request: 723.002989 seconds.
  path: Assets/Sivira/Code/Coloring.cs
  artifactKey: Guid(d853310ad1f213c88be0bb63f9d5e7d5) Importer(815301076,1909f56bfc062723c751e8b465ee728b)
Start importing Assets/Sivira/Code/Coloring.cs using Guid(d853310ad1f213c88be0bb63f9d5e7d5) Importer(815301076,1909f56bfc062723c751e8b465ee728b)  -> (artifact id: '9328980526d48dcd27175965985adefb') in 0.001739 seconds
  Import took 0.005324 seconds .

========================================================================
Received Import Request.
  Time since last request: 0.000566 seconds.
  path: Assets/Sivira/Code/Coloring.cs
  artifactKey: Guid(d853310ad1f213c88be0bb63f9d5e7d5) Importer(815301076,1909f56bfc062723c751e8b465ee728b)
Start importing Assets/Sivira/Code/Coloring.cs using Guid(d853310ad1f213c88be0bb63f9d5e7d5) Importer(815301076,1909f56bfc062723c751e8b465ee728b)  -> (artifact id: '9328980526d48dcd27175965985adefb') in 0.000795 seconds
  Import took 0.003997 seconds .

========================================================================
Received Prepare
Registering precompiled user dll's ...
Registered in 0.001049 seconds.
Begin MonoManager ReloadAssembly
Native extension for LinuxStandalone target not found
Refreshing native plugins compatible for Editor in 0.41 ms, found 1 plugins.
Preloading 0 native plugins for Editor in 0.00 ms.
Invoked RoslynAnalysisRunner static constructor.
RoslynAnalysisRunner will not be running.
RoslynAnalysisRunner has terminated.
Mono: successfully reloaded assembly
- Completed reload, in  0.795 seconds
Platform modules already initialized, skipping
Refreshing native plugins compatible for Editor in 0.33 ms, found 1 plugins.
Preloading 0 native plugins for Editor in 0.00 ms.
Unloading 1813 Unused Serialized files (Serialized files now loaded: 0)
System memory in use before: 82.3 MB.
System memory in use after: 82.0 MB.

Unloading 14 unused Assets to reduce memory usage. Loaded Objects now: 2320.
Total: 3.885303 ms (FindLiveObjects: 0.338422 ms CreateObjectMapping: 0.105286 ms MarkObjects: 3.239957 ms  DeleteObjects: 0.198561 ms)

========================================================================
Received Prepare
Registering precompiled user dll's ...
Registered in 0.000715 seconds.
Begin MonoManager ReloadAssembly
Native extension for LinuxStandalone target not found
Refreshing native plugins compatible for Editor in 0.35 ms, found 1 plugins.
Preloading 0 native plugins for Editor in 0.00 ms.
Invoked RoslynAnalysisRunner static constructor.
RoslynAnalysisRunner will not be running.
RoslynAnalysisRunner has terminated.
Mono: successfully reloaded assembly
- Completed reload, in  0.799 seconds
Platform modules already initialized, skipping
Refreshing native plugins compatible for Editor in 0.34 ms, found 1 plugins.
Preloading 0 native plugins for Editor in 0.00 ms.
Unloading 1814 Unused Serialized files (Serialized files now loaded: 0)
System memory in use before: 82.4 MB.
System memory in use after: 82.1 MB.

Unloading 14 unused Assets to reduce memory usage. Loaded Objects now: 2324.
Total: 3.895112 ms (FindLiveObjects: 0.491949 ms CreateObjectMapping: 0.293699 ms MarkObjects: 2.908066 ms  DeleteObjects: 0.197870 ms)

========================================================================
Received Import Request.
  Time since last request: 24.639927 seconds.
  path: Assets/Sivira/Code/Coloring.cs
  artifactKey: Guid(d853310ad1f213c88be0bb63f9d5e7d5) Importer(815301076,1909f56bfc062723c751e8b465ee728b)
Start importing Assets/Sivira/Code/Coloring.cs using Guid(d853310ad1f213c88be0bb63f9d5e7d5) Importer(815301076,1909f56bfc062723c751e8b465ee728b)  -> (artifact id: 'e65909917a6ed51e2eafe62eb76df830') in 0.004543 seconds
  Import took 0.008962 seconds .

========================================================================
Received Prepare
Registering precompiled user dll's ...
Registered in 0.001176 seconds.
Begin MonoManager ReloadAssembly
Native extension for LinuxStandalone target not found
Refreshing native plugins compatible for Editor in 0.46 ms, found 1 plugins.
Preloading 0 native plugins for Editor in 0.00 ms.
Invoked RoslynAnalysisRunner static constructor.
RoslynAnalysisRunner will not be running.
RoslynAnalysisRunner has terminated.
Mono: successfully reloaded assembly
- Completed reload, in  1.086 seconds
Platform modules already initialized, skipping
Refreshing native plugins compatible for Editor in 0.39 ms, found 1 plugins.
Preloading 0 native plugins for Editor in 0.00 ms.
Unloading 1814 Unused Serialized files (Serialized files now loaded: 0)
System memory in use before: 82.4 MB.
System memory in use after: 82.1 MB.

Unloading 14 unused Assets to reduce memory usage. Loaded Objects now: 2328.
Total: 3.305319 ms (FindLiveObjects: 0.343713 ms CreateObjectMapping: 0.105968 ms MarkObjects: 2.667767 ms  DeleteObjects: 0.185086 ms)

========================================================================
Received Prepare
Registering precompiled user dll's ...
Registered in 0.000966 seconds.
Begin MonoManager ReloadAssembly
Native extension for LinuxStandalone target not found
Refreshing native plugins compatible for Editor in 0.34 ms, found 1 plugins.
Preloading 0 native plugins for Editor in 0.00 ms.
Invoked RoslynAnalysisRunner static constructor.
RoslynAnalysisRunner will not be running.
RoslynAnalysisRunner has terminated.
Mono: successfully reloaded assembly
- Completed reload, in  0.838 seconds
Platform modules already initialized, skipping
Refreshing native plugins compatible for Editor in 0.37 ms, found 1 plugins.
Preloading 0 native plugins for Editor in 0.00 ms.
Unloading 1814 Unused Serialized files (Serialized files now loaded: 0)
System memory in use before: 82.2 MB.
System memory in use after: 82.2 MB.

Unloading 14 unused Assets to reduce memory usage. Loaded Objects now: 2332.
Total: 3.761130 ms (FindLiveObjects: 0.350385 ms CreateObjectMapping: 0.141565 ms MarkObjects: 3.086830 ms  DeleteObjects: 0.179175 ms)

========================================================================
Received Prepare
Registering precompiled user dll's ...
Registered in 0.000765 seconds.
Begin MonoManager ReloadAssembly
Native extension for LinuxStandalone target not found
Refreshing native plugins compatible for Editor in 0.34 ms, found 1 plugins.
Preloading 0 native plugins for Editor in 0.00 ms.
Invoked RoslynAnalysisRunner static constructor.
RoslynAnalysisRunner will not be running.
RoslynAnalysisRunner has terminated.
Mono: successfully reloaded assembly
- Completed reload, in  0.877 seconds
Platform modules already initialized, skipping
Refreshing native plugins compatible for Editor in 0.41 ms, found 1 plugins.
Preloading 0 native plugins for Editor in 0.00 ms.
Unloading 1814 Unused Serialized files (Serialized files now loaded: 0)
System memory in use before: 82.4 MB.
System memory in use after: 82.2 MB.

Unloading 14 unused Assets to reduce memory usage. Loaded Objects now: 2336.
Total: 4.148205 ms (FindLiveObjects: 0.537695 ms CreateObjectMapping: 0.212418 ms MarkObjects: 3.086239 ms  DeleteObjects: 0.308647 ms)

========================================================================
Received Prepare
Registering precompiled user dll's ...
Registered in 0.000720 seconds.
Begin MonoManager ReloadAssembly
Native extension for LinuxStandalone target not found
Refreshing native plugins compatible for Editor in 0.34 ms, found 1 plugins.
Preloading 0 native plugins for Editor in 0.00 ms.
Invoked RoslynAnalysisRunner static constructor.
RoslynAnalysisRunner will not be running.
RoslynAnalysisRunner has terminated.
Mono: successfully reloaded assembly
- Completed reload, in  0.789 seconds
Platform modules already initialized, skipping
Refreshing native plugins compatible for Editor in 0.36 ms, found 1 plugins.
Preloading 0 native plugins for Editor in 0.00 ms.
Unloading 1814 Unused Serialized files (Serialized files now loaded: 0)
System memory in use before: 82.4 MB.
System memory in use after: 82.2 MB.

Unloading 14 unused Assets to reduce memory usage. Loaded Objects now: 2340.
Total: 3.296512 ms (FindLiveObjects: 0.235621 ms CreateObjectMapping: 0.181419 ms MarkObjects: 2.684528 ms  DeleteObjects: 0.193291 ms)

========================================================================
Received Prepare
Registering precompiled user dll's ...
Registered in 0.000790 seconds.
Begin MonoManager ReloadAssembly
Native extension for LinuxStandalone target not found
Refreshing native plugins compatible for Editor in 0.35 ms, found 1 plugins.
Preloading 0 native plugins for Editor in 0.00 ms.
Invoked RoslynAnalysisRunner static constructor.
RoslynAnalysisRunner will not be running.
RoslynAnalysisRunner has terminated.
Mono: successfully reloaded assembly
- Completed reload, in  0.769 seconds
Platform modules already initialized, skipping
Refreshing native plugins compatible for Editor in 0.34 ms, found 1 plugins.
Preloading 0 native plugins for Editor in 0.00 ms.
Unloading 1814 Unused Serialized files (Serialized files now loaded: 0)
System memory in use before: 82.4 MB.
System memory in use after: 82.2 MB.

Unloading 14 unused Assets to reduce memory usage. Loaded Objects now: 2344.
Total: 3.972646 ms (FindLiveObjects: 0.365403 ms CreateObjectMapping: 0.106399 ms MarkObjects: 3.309497 ms  DeleteObjects: 0.188803 ms)

========================================================================
Received Prepare
Registering precompiled user dll's ...
Registered in 0.001009 seconds.
Begin MonoManager ReloadAssembly
Native extension for LinuxStandalone target not found
Refreshing native plugins compatible for Editor in 0.48 ms, found 1 plugins.
Preloading 0 native plugins for Editor in 0.00 ms.
Invoked RoslynAnalysisRunner static constructor.
RoslynAnalysisRunner will not be running.
RoslynAnalysisRunner has terminated.
Mono: successfully reloaded assembly
- Completed reload, in  1.297 seconds
Platform modules already initialized, skipping
Refreshing native plugins compatible for Editor in 0.45 ms, found 1 plugins.
Preloading 0 native plugins for Editor in 0.00 ms.
Unloading 1814 Unused Serialized files (Serialized files now loaded: 0)
System memory in use before: 82.4 MB.
System memory in use after: 82.2 MB.

Unloading 14 unused Assets to reduce memory usage. Loaded Objects now: 2348.
Total: 5.194200 ms (FindLiveObjects: 0.322773 ms CreateObjectMapping: 0.098674 ms MarkObjects: 4.519108 ms  DeleteObjects: 0.249276 ms)

========================================================================
Received Prepare
Registering precompiled user dll's ...
Registered in 0.001131 seconds.
Begin MonoManager ReloadAssembly
Native extension for LinuxStandalone target not found
Refreshing native plugins compatible for Editor in 0.44 ms, found 1 plugins.
Preloading 0 native plugins for Editor in 0.00 ms.
Invoked RoslynAnalysisRunner static constructor.
RoslynAnalysisRunner will not be running.
RoslynAnalysisRunner has terminated.
Mono: successfully reloaded assembly
- Completed reload, in  1.272 seconds
Platform modules already initialized, skipping
Refreshing native plugins compatible for Editor in 0.49 ms, found 1 plugins.
Preloading 0 native plugins for Editor in 0.00 ms.
Unloading 1814 Unused Serialized files (Serialized files now loaded: 0)
System memory in use before: 82.4 MB.
System memory in use after: 82.2 MB.

Unloading 14 unused Assets to reduce memory usage. Loaded Objects now: 2352.
Total: 4.081851 ms (FindLiveObjects: 0.240379 ms CreateObjectMapping: 0.061285 ms MarkObjects: 3.523085 ms  DeleteObjects: 0.254054 ms)

========================================================================
Received Prepare
Registering precompiled user dll's ...
Registered in 0.001730 seconds.
Begin MonoManager ReloadAssembly
Native extension for LinuxStandalone target not found
Refreshing native plugins compatible for Editor in 0.47 ms, found 1 plugins.
Preloading 0 native plugins for Editor in 0.00 ms.
Invoked RoslynAnalysisRunner static constructor.
RoslynAnalysisRunner will not be running.
RoslynAnalysisRunner has terminated.
Mono: successfully reloaded assembly
- Completed reload, in  1.230 seconds
Platform modules already initialized, skipping
Refreshing native plugins compatible for Editor in 0.48 ms, found 1 plugins.
Preloading 0 native plugins for Editor in 0.00 ms.
Unloading 1814 Unused Serialized files (Serialized files now loaded: 0)
System memory in use before: 82.4 MB.
System memory in use after: 82.2 MB.

Unloading 14 unused Assets to reduce memory usage. Loaded Objects now: 2356.
Total: 7.338408 ms (FindLiveObjects: 0.611433 ms CreateObjectMapping: 0.322263 ms MarkObjects: 6.023740 ms  DeleteObjects: 0.376163 ms)

========================================================================
Received Prepare
Registering precompiled user dll's ...
Registered in 0.001076 seconds.
Begin MonoManager ReloadAssembly
Native extension for LinuxStandalone target not found
Refreshing native plugins compatible for Editor in 0.44 ms, found 1 plugins.
Preloading 0 native plugins for Editor in 0.00 ms.
Invoked RoslynAnalysisRunner static constructor.
RoslynAnalysisRunner will not be running.
RoslynAnalysisRunner has terminated.
Mono: successfully reloaded assembly
- Completed reload, in  1.292 seconds
Platform modules already initialized, skipping
Refreshing native plugins compatible for Editor in 0.66 ms, found 1 plugins.
Preloading 0 native plugins for Editor in 0.00 ms.
Unloading 1814 Unused Serialized files (Serialized files now loaded: 0)
System memory in use before: 82.4 MB.
System memory in use after: 82.2 MB.

Unloading 14 unused Assets to reduce memory usage. Loaded Objects now: 2360.
Total: 4.761942 ms (FindLiveObjects: 0.602436 ms CreateObjectMapping: 0.262671 ms MarkObjects: 3.619767 ms  DeleteObjects: 0.274754 ms)

========================================================================
Received Prepare
Registering precompiled user dll's ...
Registered in 0.001223 seconds.
Begin MonoManager ReloadAssembly
Native extension for LinuxStandalone target not found
Refreshing native plugins compatible for Editor in 0.44 ms, found 1 plugins.
Preloading 0 native plugins for Editor in 0.00 ms.
Invoked RoslynAnalysisRunner static constructor.
RoslynAnalysisRunner will not be running.
RoslynAnalysisRunner has terminated.
Mono: successfully reloaded assembly
- Completed reload, in  1.232 seconds
Platform modules already initialized, skipping
Refreshing native plugins compatible for Editor in 0.43 ms, found 1 plugins.
Preloading 0 native plugins for Editor in 0.00 ms.
Unloading 1814 Unused Serialized files (Serialized files now loaded: 0)
System memory in use before: 82.4 MB.
System memory in use after: 82.2 MB.

Unloading 14 unused Assets to reduce memory usage. Loaded Objects now: 2364.
Total: 7.202503 ms (FindLiveObjects: 0.246591 ms CreateObjectMapping: 0.060934 ms MarkObjects: 6.557578 ms  DeleteObjects: 0.333062 ms)

========================================================================
Received Prepare
Registering precompiled user dll's ...
Registered in 0.000816 seconds.
Begin MonoManager ReloadAssembly
Native extension for LinuxStandalone target not found
Refreshing native plugins compatible for Editor in 0.42 ms, found 1 plugins.
Preloading 0 native plugins for Editor in 0.00 ms.
Invoked RoslynAnalysisRunner static constructor.
RoslynAnalysisRunner will not be running.
RoslynAnalysisRunner has terminated.
Mono: successfully reloaded assembly
- Completed reload, in  0.915 seconds
Platform modules already initialized, skipping
Refreshing native plugins compatible for Editor in 0.35 ms, found 1 plugins.
Preloading 0 native plugins for Editor in 0.00 ms.
Unloading 1814 Unused Serialized files (Serialized files now loaded: 0)
System memory in use before: 82.5 MB.
System memory in use after: 82.2 MB.

Unloading 14 unused Assets to reduce memory usage. Loaded Objects now: 2368.
Total: 3.206133 ms (FindLiveObjects: 0.205855 ms CreateObjectMapping: 0.044513 ms MarkObjects: 2.657478 ms  DeleteObjects: 0.295152 ms)

========================================================================
Received Prepare
Registering precompiled user dll's ...
Registered in 0.001409 seconds.
Begin MonoManager ReloadAssembly
Native extension for LinuxStandalone target not found
Refreshing native plugins compatible for Editor in 0.48 ms, found 1 plugins.
Preloading 0 native plugins for Editor in 0.00 ms.
Invoked RoslynAnalysisRunner static constructor.
RoslynAnalysisRunner will not be running.
RoslynAnalysisRunner has terminated.
Mono: successfully reloaded assembly
- Completed reload, in  1.271 seconds
Platform modules already initialized, skipping
Refreshing native plugins compatible for Editor in 0.42 ms, found 1 plugins.
Preloading 0 native plugins for Editor in 0.00 ms.
Unloading 1814 Unused Serialized files (Serialized files now loaded: 0)
System memory in use before: 82.5 MB.
System memory in use after: 82.2 MB.

Unloading 14 unused Assets to reduce memory usage. Loaded Objects now: 2372.
Total: 4.448356 ms (FindLiveObjects: 0.301574 ms CreateObjectMapping: 0.062697 ms MarkObjects: 3.818087 ms  DeleteObjects: 0.263303 ms)

========================================================================
Received Prepare
Registering precompiled user dll's ...
Registered in 0.001624 seconds.
Begin MonoManager ReloadAssembly
Native extension for LinuxStandalone target not found
Refreshing native plugins compatible for Editor in 0.44 ms, found 1 plugins.
Preloading 0 native plugins for Editor in 0.00 ms.
Invoked RoslynAnalysisRunner static constructor.
RoslynAnalysisRunner will not be running.
RoslynAnalysisRunner has terminated.
Mono: successfully reloaded assembly
- Completed reload, in  1.248 seconds
Platform modules already initialized, skipping
Refreshing native plugins compatible for Editor in 0.43 ms, found 1 plugins.
Preloading 0 native plugins for Editor in 0.00 ms.
Unloading 1814 Unused Serialized files (Serialized files now loaded: 0)
System memory in use before: 82.5 MB.
System memory in use after: 82.2 MB.

Unloading 14 unused Assets to reduce memory usage. Loaded Objects now: 2376.
Total: 4.851810 ms (FindLiveObjects: 0.361966 ms CreateObjectMapping: 0.197079 ms MarkObjects: 4.038750 ms  DeleteObjects: 0.250889 ms)

========================================================================
Received Prepare
Registering precompiled user dll's ...
Registered in 0.001138 seconds.
Begin MonoManager ReloadAssembly
Native extension for LinuxStandalone target not found
Refreshing native plugins compatible for Editor in 0.46 ms, found 1 plugins.
Preloading 0 native plugins for Editor in 0.00 ms.
Invoked RoslynAnalysisRunner static constructor.
RoslynAnalysisRunner will not be running.
RoslynAnalysisRunner has terminated.
Mono: successfully reloaded assembly
- Completed reload, in  1.254 seconds
Platform modules already initialized, skipping
Refreshing native plugins compatible for Editor in 0.44 ms, found 1 plugins.
Preloading 0 native plugins for Editor in 0.00 ms.
Unloading 1814 Unused Serialized files (Serialized files now loaded: 0)
System memory in use before: 82.5 MB.
System memory in use after: 82.2 MB.

Unloading 14 unused Assets to reduce memory usage. Loaded Objects now: 2380.
Total: 4.902054 ms (FindLiveObjects: 0.255318 ms CreateObjectMapping: 0.064681 ms MarkObjects: 4.307893 ms  DeleteObjects: 0.271628 ms)

========================================================================
Received Prepare
Registering precompiled user dll's ...
Registered in 0.001086 seconds.
Begin MonoManager ReloadAssembly
Native extension for LinuxStandalone target not found
Refreshing native plugins compatible for Editor in 0.66 ms, found 1 plugins.
Preloading 0 native plugins for Editor in 0.00 ms.
Invoked RoslynAnalysisRunner static constructor.
RoslynAnalysisRunner will not be running.
RoslynAnalysisRunner has terminated.
Mono: successfully reloaded assembly
- Completed reload, in  1.297 seconds
Platform modules already initialized, skipping
Refreshing native plugins compatible for Editor in 0.45 ms, found 1 plugins.
Preloading 0 native plugins for Editor in 0.00 ms.
Unloading 1814 Unused Serialized files (Serialized files now loaded: 0)
System memory in use before: 82.5 MB.
System memory in use after: 82.3 MB.

Unloading 14 unused Assets to reduce memory usage. Loaded Objects now: 2384.
Total: 4.195442 ms (FindLiveObjects: 0.254206 ms CreateObjectMapping: 0.155621 ms MarkObjects: 3.529167 ms  DeleteObjects: 0.253594 ms)

========================================================================
Received Prepare
Registering precompiled user dll's ...
Registered in 0.001099 seconds.
Begin MonoManager ReloadAssembly
Native extension for LinuxStandalone target not found
Refreshing native plugins compatible for Editor in 0.50 ms, found 1 plugins.
Preloading 0 native plugins for Editor in 0.00 ms.
Invoked RoslynAnalysisRunner static constructor.
RoslynAnalysisRunner will not be running.
RoslynAnalysisRunner has terminated.
Mono: successfully reloaded assembly
- Completed reload, in  1.387 seconds
Platform modules already initialized, skipping
Refreshing native plugins compatible for Editor in 0.43 ms, found 1 plugins.
Preloading 0 native plugins for Editor in 0.00 ms.
Unloading 1814 Unused Serialized files (Serialized files now loaded: 0)
System memory in use before: 82.5 MB.
System memory in use after: 82.3 MB.

Unloading 14 unused Assets to reduce memory usage. Loaded Objects now: 2388.
Total: 4.024122 ms (FindLiveObjects: 0.298168 ms CreateObjectMapping: 0.097542 ms MarkObjects: 3.379989 ms  DeleteObjects: 0.245930 ms)

========================================================================
Received Prepare
Registering precompiled user dll's ...
Registered in 0.001142 seconds.
Begin MonoManager ReloadAssembly
Native extension for LinuxStandalone target not found
Refreshing native plugins compatible for Editor in 0.46 ms, found 1 plugins.
Preloading 0 native plugins for Editor in 0.00 ms.
Invoked RoslynAnalysisRunner static constructor.
RoslynAnalysisRunner will not be running.
RoslynAnalysisRunner has terminated.
Mono: successfully reloaded assembly
- Completed reload, in  1.287 seconds
Platform modules already initialized, skipping
Refreshing native plugins compatible for Editor in 0.44 ms, found 1 plugins.
Preloading 0 native plugins for Editor in 0.00 ms.
Unloading 1814 Unused Serialized files (Serialized files now loaded: 0)
System memory in use before: 82.5 MB.
System memory in use after: 82.3 MB.

Unloading 14 unused Assets to reduce memory usage. Loaded Objects now: 2392.
Total: 5.639412 ms (FindLiveObjects: 0.315870 ms CreateObjectMapping: 0.074429 ms MarkObjects: 4.962928 ms  DeleteObjects: 0.281857 ms)

========================================================================
Received Prepare
Registering precompiled user dll's ...
Registered in 0.001051 seconds.
Begin MonoManager ReloadAssembly
Native extension for LinuxStandalone target not found
Refreshing native plugins compatible for Editor in 0.47 ms, found 1 plugins.
Preloading 0 native plugins for Editor in 0.00 ms.
Invoked RoslynAnalysisRunner static constructor.
RoslynAnalysisRunner will not be running.
RoslynAnalysisRunner has terminated.
Mono: successfully reloaded assembly
- Completed reload, in  1.267 seconds
Platform modules already initialized, skipping
Refreshing native plugins compatible for Editor in 0.43 ms, found 1 plugins.
Preloading 0 native plugins for Editor in 0.00 ms.
Unloading 1814 Unused Serialized files (Serialized files now loaded: 0)
System memory in use before: 82.5 MB.
System memory in use after: 82.3 MB.

Unloading 14 unused Assets to reduce memory usage. Loaded Objects now: 2396.
Total: 4.671783 ms (FindLiveObjects: 0.529860 ms CreateObjectMapping: 0.204492 ms MarkObjects: 3.672264 ms  DeleteObjects: 0.262601 ms)

========================================================================
Received Prepare
Registering precompiled user dll's ...
Registered in 0.001519 seconds.
Begin MonoManager ReloadAssembly
Native extension for LinuxStandalone target not found
Refreshing native plugins compatible for Editor in 0.43 ms, found 1 plugins.
Preloading 0 native plugins for Editor in 0.00 ms.
Invoked RoslynAnalysisRunner static constructor.
RoslynAnalysisRunner will not be running.
RoslynAnalysisRunner has terminated.
Mono: successfully reloaded assembly
- Completed reload, in  1.298 seconds
Platform modules already initialized, skipping
Refreshing native plugins compatible for Editor in 0.55 ms, found 1 plugins.
Preloading 0 native plugins for Editor in 0.00 ms.
Unloading 1814 Unused Serialized files (Serialized files now loaded: 0)
System memory in use before: 82.5 MB.
System memory in use after: 82.3 MB.

Unloading 14 unused Assets to reduce memory usage. Loaded Objects now: 2400.
Total: 4.506474 ms (FindLiveObjects: 0.322633 ms CreateObjectMapping: 0.125244 ms MarkObjects: 3.813018 ms  DeleteObjects: 0.243495 ms)

========================================================================
Received Prepare
Registering precompiled user dll's ...
Registered in 0.001324 seconds.
Begin MonoManager ReloadAssembly
Native extension for LinuxStandalone target not found
Refreshing native plugins compatible for Editor in 0.53 ms, found 1 plugins.
Preloading 0 native plugins for Editor in 0.00 ms.
Invoked RoslynAnalysisRunner static constructor.
RoslynAnalysisRunner will not be running.
RoslynAnalysisRunner has terminated.
Mono: successfully reloaded assembly
- Completed reload, in  1.333 seconds
Platform modules already initialized, skipping
Refreshing native plugins compatible for Editor in 0.49 ms, found 1 plugins.
Preloading 0 native plugins for Editor in 0.00 ms.
Unloading 1814 Unused Serialized files (Serialized files now loaded: 0)
System memory in use before: 82.5 MB.
System memory in use after: 82.3 MB.

Unloading 14 unused Assets to reduce memory usage. Loaded Objects now: 2404.
Total: 4.398382 ms (FindLiveObjects: 0.352830 ms CreateObjectMapping: 0.140583 ms MarkObjects: 3.614126 ms  DeleteObjects: 0.286937 ms)

========================================================================
Received Prepare
Registering precompiled user dll's ...
Registered in 0.001320 seconds.
Begin MonoManager ReloadAssembly
Native extension for LinuxStandalone target not found
Refreshing native plugins compatible for Editor in 0.46 ms, found 1 plugins.
Preloading 0 native plugins for Editor in 0.00 ms.
Invoked RoslynAnalysisRunner static constructor.
RoslynAnalysisRunner will not be running.
RoslynAnalysisRunner has terminated.
Mono: successfully reloaded assembly
- Completed reload, in  1.248 seconds
Platform modules already initialized, skipping
Refreshing native plugins compatible for Editor in 0.42 ms, found 1 plugins.
Preloading 0 native plugins for Editor in 0.00 ms.
Unloading 1814 Unused Serialized files (Serialized files now loaded: 0)
System memory in use before: 82.5 MB.
System memory in use after: 82.3 MB.

Unloading 14 unused Assets to reduce memory usage. Loaded Objects now: 2408.
Total: 4.736384 ms (FindLiveObjects: 0.334084 ms CreateObjectMapping: 0.103414 ms MarkObjects: 3.954672 ms  DeleteObjects: 0.339665 ms)

========================================================================
Received Prepare
Registering precompiled user dll's ...
Registered in 0.001061 seconds.
Begin MonoManager ReloadAssembly
Native extension for LinuxStandalone target not found
Refreshing native plugins compatible for Editor in 0.40 ms, found 1 plugins.
Preloading 0 native plugins for Editor in 0.00 ms.
Invoked RoslynAnalysisRunner static constructor.
RoslynAnalysisRunner will not be running.
RoslynAnalysisRunner has terminated.
Mono: successfully reloaded assembly
- Completed reload, in  1.208 seconds
Platform modules already initialized, skipping
Refreshing native plugins compatible for Editor in 0.36 ms, found 1 plugins.
Preloading 0 native plugins for Editor in 0.00 ms.
Unloading 1814 Unused Serialized files (Serialized files now loaded: 0)
System memory in use before: 82.6 MB.
System memory in use after: 82.3 MB.

Unloading 14 unused Assets to reduce memory usage. Loaded Objects now: 2412.
Total: 3.710546 ms (FindLiveObjects: 0.214291 ms CreateObjectMapping: 0.044974 ms MarkObjects: 3.237091 ms  DeleteObjects: 0.211906 ms)

========================================================================
Received Prepare
Registering precompiled user dll's ...
Registered in 0.001238 seconds.
Begin MonoManager ReloadAssembly
Native extension for LinuxStandalone target not found
Refreshing native plugins compatible for Editor in 0.44 ms, found 1 plugins.
Preloading 0 native plugins for Editor in 0.00 ms.
Invoked RoslynAnalysisRunner static constructor.
RoslynAnalysisRunner will not be running.
RoslynAnalysisRunner has terminated.
Mono: successfully reloaded assembly
- Completed reload, in  1.253 seconds
Platform modules already initialized, skipping
Refreshing native plugins compatible for Editor in 0.51 ms, found 1 plugins.
Preloading 0 native plugins for Editor in 0.00 ms.
Unloading 1814 Unused Serialized files (Serialized files now loaded: 0)
System memory in use before: 82.6 MB.
System memory in use after: 82.3 MB.

Unloading 14 unused Assets to reduce memory usage. Loaded Objects now: 2416.
Total: 4.572678 ms (FindLiveObjects: 0.338342 ms CreateObjectMapping: 0.104335 ms MarkObjects: 3.875024 ms  DeleteObjects: 0.252151 ms)

========================================================================
Received Prepare
Registering precompiled user dll's ...
Registered in 0.001421 seconds.
Begin MonoManager ReloadAssembly
Native extension for LinuxStandalone target not found
Refreshing native plugins compatible for Editor in 0.44 ms, found 1 plugins.
Preloading 0 native plugins for Editor in 0.00 ms.
Invoked RoslynAnalysisRunner static constructor.
RoslynAnalysisRunner will not be running.
RoslynAnalysisRunner has terminated.
Mono: successfully reloaded assembly
- Completed reload, in  1.291 seconds
Platform modules already initialized, skipping
Refreshing native plugins compatible for Editor in 0.55 ms, found 1 plugins.
Preloading 0 native plugins for Editor in 0.00 ms.
Unloading 1814 Unused Serialized files (Serialized files now loaded: 0)
System memory in use before: 82.6 MB.
System memory in use after: 82.3 MB.

Unloading 14 unused Assets to reduce memory usage. Loaded Objects now: 2420.
Total: 4.419642 ms (FindLiveObjects: 0.409856 ms CreateObjectMapping: 0.148578 ms MarkObjects: 3.598798 ms  DeleteObjects: 0.258232 ms)

========================================================================
Received Prepare
Registering precompiled user dll's ...
Registered in 0.001656 seconds.
Begin MonoManager ReloadAssembly
Native extension for LinuxStandalone target not found
Refreshing native plugins compatible for Editor in 0.42 ms, found 1 plugins.
Preloading 0 native plugins for Editor in 0.00 ms.
Invoked RoslynAnalysisRunner static constructor.
RoslynAnalysisRunner will not be running.
RoslynAnalysisRunner has terminated.
Mono: successfully reloaded assembly
- Completed reload, in  1.284 seconds
Platform modules already initialized, skipping
Refreshing native plugins compatible for Editor in 0.60 ms, found 1 plugins.
Preloading 0 native plugins for Editor in 0.00 ms.
Unloading 1814 Unused Serialized files (Serialized files now loaded: 0)
System memory in use before: 82.6 MB.
System memory in use after: 82.3 MB.

Unloading 14 unused Assets to reduce memory usage. Loaded Objects now: 2424.
Total: 4.878730 ms (FindLiveObjects: 0.426778 ms CreateObjectMapping: 0.073658 ms MarkObjects: 4.043739 ms  DeleteObjects: 0.330648 ms)

========================================================================
Received Prepare
Registering precompiled user dll's ...
Registered in 0.001723 seconds.
Begin MonoManager ReloadAssembly
Native extension for LinuxStandalone target not found
Refreshing native plugins compatible for Editor in 0.47 ms, found 1 plugins.
Preloading 0 native plugins for Editor in 0.00 ms.
Invoked RoslynAnalysisRunner static constructor.
RoslynAnalysisRunner will not be running.
RoslynAnalysisRunner has terminated.
Mono: successfully reloaded assembly
- Completed reload, in  1.266 seconds
Platform modules already initialized, skipping
Refreshing native plugins compatible for Editor in 0.44 ms, found 1 plugins.
Preloading 0 native plugins for Editor in 0.00 ms.
Unloading 1814 Unused Serialized files (Serialized files now loaded: 0)
System memory in use before: 82.6 MB.
System memory in use after: 82.3 MB.

Unloading 14 unused Assets to reduce memory usage. Loaded Objects now: 2428.
Total: 6.858320 ms (FindLiveObjects: 0.359131 ms CreateObjectMapping: 0.153106 ms MarkObjects: 5.985448 ms  DeleteObjects: 0.357238 ms)

========================================================================
Received Prepare
Registering precompiled user dll's ...
Registered in 0.001187 seconds.
Begin MonoManager ReloadAssembly
Native extension for LinuxStandalone target not found
Refreshing native plugins compatible for Editor in 0.67 ms, found 1 plugins.
Preloading 0 native plugins for Editor in 0.00 ms.
Invoked RoslynAnalysisRunner static constructor.
RoslynAnalysisRunner will not be running.
RoslynAnalysisRunner has terminated.
Mono: successfully reloaded assembly
- Completed reload, in  1.286 seconds
Platform modules already initialized, skipping
Refreshing native plugins compatible for Editor in 0.62 ms, found 1 plugins.
Preloading 0 native plugins for Editor in 0.00 ms.
Unloading 1814 Unused Serialized files (Serialized files now loaded: 0)
System memory in use before: 82.6 MB.
System memory in use after: 82.3 MB.

Unloading 14 unused Assets to reduce memory usage. Loaded Objects now: 2432.
Total: 4.443136 ms (FindLiveObjects: 0.357298 ms CreateObjectMapping: 0.106289 ms MarkObjects: 3.694717 ms  DeleteObjects: 0.281747 ms)

========================================================================
Received Prepare
Registering precompiled user dll's ...
Registered in 0.001101 seconds.
Begin MonoManager ReloadAssembly
Native extension for LinuxStandalone target not found
Refreshing native plugins compatible for Editor in 0.50 ms, found 1 plugins.
Preloading 0 native plugins for Editor in 0.00 ms.
Invoked RoslynAnalysisRunner static constructor.
RoslynAnalysisRunner will not be running.
RoslynAnalysisRunner has terminated.
Mono: successfully reloaded assembly
- Completed reload, in  1.307 seconds
Platform modules already initialized, skipping
Refreshing native plugins compatible for Editor in 0.45 ms, found 1 plugins.
Preloading 0 native plugins for Editor in 0.00 ms.
Unloading 1814 Unused Serialized files (Serialized files now loaded: 0)
System memory in use before: 82.6 MB.
System memory in use after: 82.4 MB.

Unloading 14 unused Assets to reduce memory usage. Loaded Objects now: 2436.
Total: 4.658448 ms (FindLiveObjects: 0.355113 ms CreateObjectMapping: 0.110377 ms MarkObjects: 3.933924 ms  DeleteObjects: 0.256600 ms)

========================================================================
Received Prepare
Registering precompiled user dll's ...
Registered in 0.001191 seconds.
Begin MonoManager ReloadAssembly
Native extension for LinuxStandalone target not found
Refreshing native plugins compatible for Editor in 0.49 ms, found 1 plugins.
Preloading 0 native plugins for Editor in 0.00 ms.
Invoked RoslynAnalysisRunner static constructor.
RoslynAnalysisRunner will not be running.
RoslynAnalysisRunner has terminated.
Mono: successfully reloaded assembly
- Completed reload, in  1.427 seconds
Platform modules already initialized, skipping
Refreshing native plugins compatible for Editor in 0.45 ms, found 1 plugins.
Preloading 0 native plugins for Editor in 0.00 ms.
Unloading 1814 Unused Serialized files (Serialized files now loaded: 0)
System memory in use before: 82.6 MB.
System memory in use after: 82.4 MB.

Unloading 14 unused Assets to reduce memory usage. Loaded Objects now: 2440.
Total: 4.581034 ms (FindLiveObjects: 0.351186 ms CreateObjectMapping: 0.097372 ms MarkObjects: 3.862921 ms  DeleteObjects: 0.265537 ms)

========================================================================
Received Prepare
Registering precompiled user dll's ...
Registered in 0.001631 seconds.
Begin MonoManager ReloadAssembly
Native extension for LinuxStandalone target not found
Refreshing native plugins compatible for Editor in 0.55 ms, found 1 plugins.
Preloading 0 native plugins for Editor in 0.00 ms.
Invoked RoslynAnalysisRunner static constructor.
RoslynAnalysisRunner will not be running.
RoslynAnalysisRunner has terminated.
Mono: successfully reloaded assembly
- Completed reload, in  1.329 seconds
Platform modules already initialized, skipping
Refreshing native plugins compatible for Editor in 0.49 ms, found 1 plugins.
Preloading 0 native plugins for Editor in 0.00 ms.
Unloading 1814 Unused Serialized files (Serialized files now loaded: 0)
System memory in use before: 82.6 MB.
System memory in use after: 82.4 MB.

Unloading 14 unused Assets to reduce memory usage. Loaded Objects now: 2444.
Total: 4.763535 ms (FindLiveObjects: 0.510795 ms CreateObjectMapping: 0.181329 ms MarkObjects: 3.801036 ms  DeleteObjects: 0.267140 ms)

